predicted_Devel does not follow the convention file name for the task!

Strict matching (boundaries + type)
cor	inc	par	mis	spu	total	prec	recall	F1
1366	191	0	214	36	1771	0.86	0.77	0.81



Exact matching
cor	inc	par	mis	spu	total	prec	recall	F1
1409	148	0	214	36	1771	0.88	0.8	0.84



Partial matching
cor	inc	par	mis	spu	total	prec	recall	F1
1409	0	148	214	36	1771	0.88	0.84	0.86



type matching
cor	inc	par	mis	spu	total	prec	recall	F1
1510	47	0	214	36	1771	0.95	0.85	0.9



SCORES FOR ENTITY TYPE
Exact matching on drug
cor	inc	par	mis	spu	total	prec	recall	F1
901	11	0	133	32	1045	0.95	0.86	0.91


Exact matching on brand
cor	inc	par	mis	spu	total	prec	recall	F1
150	2	0	28	0	180	0.99	0.83	0.9


Exact matching on group
cor	inc	par	mis	spu	total	prec	recall	F1
301	131	0	22	16	454	0.67	0.66	0.67


Exact matching on drug_n
cor	inc	par	mis	spu	total	prec	recall	F1
14	0	0	78	1	92	0.93	0.15	0.26


MACRO-AVERAGE MEASURES:
P	R	F1
0.89	0.63	0.68
________________________________________________________________________

