SCORES FOR THE GROUP: GianMarc RUN=3

Strict matching (boundaries + type)
cor	inc	par	mis	spu	total	prec	recall	F1
7848	2642	0	2504	4019	12994	0.54	0.6	0.57



Exact matching
cor	inc	par	mis	spu	total	prec	recall	F1
9091	1399	0	2504	4019	12994	0.63	0.7	0.66



Partial matching
cor	inc	par	mis	spu	total	prec	recall	F1
9091	0	1399	2504	4019	12994	0.63	0.75	0.68



type matching
cor	inc	par	mis	spu	total	prec	recall	F1
8668	1822	0	2504	4019	12994	0.6	0.67	0.63



SCORES FOR ENTITY TYPE
Exact matching on drug
cor	inc	par	mis	spu	total	prec	recall	F1
5366	286	0	2728	1195	8380	0.78	0.64	0.7


Exact matching on brand
cor	inc	par	mis	spu	total	prec	recall	F1
885	61	0	311	478	1257	0.62	0.7	0.66


Exact matching on group
cor	inc	par	mis	spu	total	prec	recall	F1
1448	450	0	1047	296	2945	0.66	0.49	0.56


Exact matching on drug_n
cor	inc	par	mis	spu	total	prec	recall	F1
149	29	0	234	61	412	0.62	0.36	0.46


MACRO-AVERAGE MEASURES:
P	R	F1
0.67	0.55	0.6
________________________________________________________________________

