SCORES FOR the file: class_predictions.txt
Gold Dataset: /Devel

Partial Evaluation: only detection of DDI (regadless to the type)
tp	fp	fn	total	prec	recall	F1
267	222	217	484	0.546	0.5517	0.5488


Detection and Classification of DDI
tp	fp	fn	total	prec	recall	F1
237	252	247	484	0.4847	0.4897	0.4872


________________________________________________________________________

SCORES FOR DDI TYPE
Scores for ddi with type mechanism
tp	fp	fn	total	prec	recall	F1
64	105	137	201	0.3787	0.3184	0.3459


Scores for ddi with type effect
tp	fp	fn	total	prec	recall	F1
103	98	59	162	0.5124	0.6358	0.5675


Scores for ddi with type advise
tp	fp	fn	total	prec	recall	F1
68	40	51	119	0.6296	0.5714	0.5991


Scores for ddi with type int
tp	fp	fn	total	prec	recall	F1
2	9	0	2	0.1818	1	0.3077


MACRO-AVERAGE MEASURES:
	P	R	F1
	0.4256	0.6314	0.5085
________________________________________________________________________

