SCORES FOR THE GROUP: GianMarc RUN=3

Strict matching (boundaries + type)
cor	inc	par	mis	spu	total	prec	recall	F1
1054	397	0	320	581	1771	0.52	0.6	0.55



Exact matching
cor	inc	par	mis	spu	total	prec	recall	F1
1212	239	0	320	581	1771	0.6	0.68	0.64



Partial matching
cor	inc	par	mis	spu	total	prec	recall	F1
1212	0	239	320	581	1771	0.6	0.75	0.67



type matching
cor	inc	par	mis	spu	total	prec	recall	F1
1200	251	0	320	581	1771	0.59	0.68	0.63



SCORES FOR ENTITY TYPE
Exact matching on drug
cor	inc	par	mis	spu	total	prec	recall	F1
669	45	0	331	148	1045	0.78	0.64	0.7


Exact matching on brand
cor	inc	par	mis	spu	total	prec	recall	F1
140	4	0	36	85	180	0.61	0.78	0.68


Exact matching on group
cor	inc	par	mis	spu	total	prec	recall	F1
216	95	0	143	37	454	0.62	0.48	0.54


Exact matching on drug_n
cor	inc	par	mis	spu	total	prec	recall	F1
29	6	0	57	14	92	0.59	0.32	0.41


MACRO-AVERAGE MEASURES:
P	R	F1
0.65	0.55	0.58
________________________________________________________________________

