SCORES FOR the file: class_predictions.txt
Gold Dataset: /Devel

Partial Evaluation: only detection of DDI (regadless to the type)
tp	fp	fn	total	prec	recall	F1
165	62	319	484	0.7269	0.3409	0.4641


Detection and Classification of DDI
tp	fp	fn	total	prec	recall	F1
155	72	329	484	0.6828	0.3202	0.436


________________________________________________________________________

SCORES FOR DDI TYPE
Scores for ddi with type mechanism
tp	fp	fn	total	prec	recall	F1
39	31	162	201	0.5571	0.194	0.2878


Scores for ddi with type effect
tp	fp	fn	total	prec	recall	F1
61	20	101	162	0.7531	0.3765	0.5021


Scores for ddi with type advise
tp	fp	fn	total	prec	recall	F1
55	21	64	119	0.7237	0.4622	0.5641


Scores for ddi with type int
tp	fp	fn	total	prec	recall	F1
0	0	2	2	0	0	0


MACRO-AVERAGE MEASURES:
	P	R	F1
	0.5085	0.2582	0.3425
________________________________________________________________________

