SCORES FOR THE GROUP: DevelGianMarc RUN=3

Strict matching (boundaries + type)
cor	inc	par	mis	spu	total	prec	recall	F1
961	437	0	373	756	1771	0.45	0.54	0.49



Exact matching
cor	inc	par	mis	spu	total	prec	recall	F1
1069	329	0	373	756	1771	0.5	0.6	0.54



Partial matching
cor	inc	par	mis	spu	total	prec	recall	F1
1069	0	329	373	756	1771	0.5	0.7	0.58



type matching
cor	inc	par	mis	spu	total	prec	recall	F1
1154	244	0	373	756	1771	0.54	0.65	0.59



SCORES FOR ENTITY TYPE
Exact matching on drug
cor	inc	par	mis	spu	total	prec	recall	F1
625	67	0	353	287	1045	0.64	0.6	0.62


Exact matching on brand
cor	inc	par	mis	spu	total	prec	recall	F1
143	2	0	35	117	180	0.55	0.79	0.65


Exact matching on group
cor	inc	par	mis	spu	total	prec	recall	F1
163	119	0	172	46	454	0.5	0.36	0.42


Exact matching on drug_n
cor	inc	par	mis	spu	total	prec	recall	F1
30	8	0	54	1	92	0.77	0.33	0.46


MACRO-AVERAGE MEASURES:
P	R	F1
0.61	0.52	0.53
________________________________________________________________________

