SCORES FOR the file: predicted.txt
Gold Dataset: /Devel

Partial Evaluation: only detection of DDI (regadless to the type)
tp	fp	fn	total	prec	recall	F1
254	145	230	484	0,6366	0,5248	0,5753


Detection and Classification of DDI
tp	fp	fn	total	prec	recall	F1
235	164	249	484	0,589	0,4855	0,5323


________________________________________________________________________

SCORES FOR DDI TYPE
Scores for ddi with type mechanism
tp	fp	fn	total	prec	recall	F1
91	107	110	201	0,4596	0,4527	0,4561


Scores for ddi with type effect
tp	fp	fn	total	prec	recall	F1
82	33	80	162	0,713	0,5062	0,5921


Scores for ddi with type advise
tp	fp	fn	total	prec	recall	F1
62	24	57	119	0,7209	0,521	0,6049


Scores for ddi with type int
tp	fp	fn	total	prec	recall	F1
0	0	2	2	0	0	0


MACRO-AVERAGE MEASURES:
	P	R	F1
	0,4734	0,37	0,4153
________________________________________________________________________

