SCORES FOR the file: predicted.txt
Gold Dataset: /Devel

Partial Evaluation: only detection of DDI (regadless to the type)
tp	fp	fn	total	prec	recall	F1
319	255	165	484	0,5557	0,6591	0,603


Detection and Classification of DDI
tp	fp	fn	total	prec	recall	F1
278	296	206	484	0,4843	0,5744	0,5255


________________________________________________________________________

SCORES FOR DDI TYPE
Scores for ddi with type mechanism
tp	fp	fn	total	prec	recall	F1
100	138	101	201	0,4202	0,4975	0,4556


Scores for ddi with type effect
tp	fp	fn	total	prec	recall	F1
112	95	50	162	0,5411	0,6914	0,607


Scores for ddi with type advise
tp	fp	fn	total	prec	recall	F1
66	56	53	119	0,541	0,5546	0,5477


Scores for ddi with type int
tp	fp	fn	total	prec	recall	F1
0	7	2	2	0	0	0


MACRO-AVERAGE MEASURES:
	P	R	F1
	0,3756	0,4359	0,4035
________________________________________________________________________

