SCORES FOR the file: predicted.txt
Gold Dataset: /Devel

Partial Evaluation: only detection of DDI (regadless to the type)
tp	fp	fn	total	prec	recall	F1
260	318	224	484	0,4498	0,5372	0,4896


Detection and Classification of DDI
tp	fp	fn	total	prec	recall	F1
191	387	293	484	0,3304	0,3946	0,3597


________________________________________________________________________

SCORES FOR DDI TYPE
Scores for ddi with type mechanism
tp	fp	fn	total	prec	recall	F1
46	23	155	201	0,6667	0,2289	0,3407


Scores for ddi with type effect
tp	fp	fn	total	prec	recall	F1
107	362	55	162	0,2281	0,6605	0,3391


Scores for ddi with type advise
tp	fp	fn	total	prec	recall	F1
38	2	81	119	0,95	0,3193	0,478


Scores for ddi with type int
tp	fp	fn	total	prec	recall	F1
0	0	2	2	0	0	0


MACRO-AVERAGE MEASURES:
	P	R	F1
	0,4612	0,3022	0,3651
________________________________________________________________________

