SCORES FOR THE GROUP: TrainGianMarc RUN=3

Strict matching (boundaries + type)
cor	inc	par	mis	spu	total	prec	recall	F1
960	364	0	447	769	1771	0.46	0.54	0.5



Exact matching
cor	inc	par	mis	spu	total	prec	recall	F1
1064	260	0	447	769	1771	0.51	0.6	0.55



Partial matching
cor	inc	par	mis	spu	total	prec	recall	F1
1064	0	260	447	769	1771	0.51	0.67	0.58



type matching
cor	inc	par	mis	spu	total	prec	recall	F1
1125	199	0	447	769	1771	0.54	0.64	0.58



SCORES FOR ENTITY TYPE
Exact matching on drug
cor	inc	par	mis	spu	total	prec	recall	F1
605	54	0	386	278	1045	0.65	0.58	0.61


Exact matching on brand
cor	inc	par	mis	spu	total	prec	recall	F1
136	7	0	37	105	180	0.55	0.76	0.64


Exact matching on group
cor	inc	par	mis	spu	total	prec	recall	F1
206	102	0	146	51	454	0.57	0.45	0.51


Exact matching on drug_n
cor	inc	par	mis	spu	total	prec	recall	F1
13	7	0	72	1	92	0.62	0.14	0.23


MACRO-AVERAGE MEASURES:
P	R	F1
0.6	0.48	0.5
________________________________________________________________________

