SCORES FOR the file: RF_estimator=5_depth=150.txt
Gold Dataset: /Devel

Partial Evaluation: only detection of DDI (regadless to the type)
tp	fp	fn	total	prec	recall	F1
236	96	248	484	0.7108	0.4876	0.5784


Detection and Classification of DDI
tp	fp	fn	total	prec	recall	F1
205	127	279	484	0.6175	0.4236	0.5025


________________________________________________________________________

SCORES FOR DDI TYPE
Scores for ddi with type mechanism
tp	fp	fn	total	prec	recall	F1
66	43	135	201	0.6055	0.3284	0.4258


Scores for ddi with type effect
tp	fp	fn	total	prec	recall	F1
89	63	73	162	0.5855	0.5494	0.5669


Scores for ddi with type advise
tp	fp	fn	total	prec	recall	F1
50	21	69	119	0.7042	0.4202	0.5263


Scores for ddi with type int
tp	fp	fn	total	prec	recall	F1
0	0	2	2	0	0	0


MACRO-AVERAGE MEASURES:
	P	R	F1
	0.4738	0.3245	0.3852
________________________________________________________________________

