SCORES FOR the file: RF_estimator=20_depth=200.txt
Gold Dataset: /Devel

Partial Evaluation: only detection of DDI (regadless to the type)
tp	fp	fn	total	prec	recall	F1
217	40	267	484	0.8444	0.4483	0.5857


Detection and Classification of DDI
tp	fp	fn	total	prec	recall	F1
195	62	289	484	0.7588	0.4029	0.5263


________________________________________________________________________

SCORES FOR DDI TYPE
Scores for ddi with type mechanism
tp	fp	fn	total	prec	recall	F1
59	27	142	201	0.686	0.2935	0.4111


Scores for ddi with type effect
tp	fp	fn	total	prec	recall	F1
88	31	74	162	0.7395	0.5432	0.6263


Scores for ddi with type advise
tp	fp	fn	total	prec	recall	F1
48	4	71	119	0.9231	0.4034	0.5614


Scores for ddi with type int
tp	fp	fn	total	prec	recall	F1
0	0	2	2	0	0	0


MACRO-AVERAGE MEASURES:
	P	R	F1
	0.5872	0.31	0.4058
________________________________________________________________________

