SCORES FOR the file: RF_estimator=20_depth=300.txt
Gold Dataset: /Devel

Partial Evaluation: only detection of DDI (regadless to the type)
tp	fp	fn	total	prec	recall	F1
208	39	276	484	0.8421	0.4298	0.5691


Detection and Classification of DDI
tp	fp	fn	total	prec	recall	F1
187	60	297	484	0.7571	0.3864	0.5116


________________________________________________________________________

SCORES FOR DDI TYPE
Scores for ddi with type mechanism
tp	fp	fn	total	prec	recall	F1
60	27	141	201	0.6897	0.2985	0.4167


Scores for ddi with type effect
tp	fp	fn	total	prec	recall	F1
83	28	79	162	0.7477	0.5123	0.6081


Scores for ddi with type advise
tp	fp	fn	total	prec	recall	F1
44	5	75	119	0.898	0.3697	0.5238


Scores for ddi with type int
tp	fp	fn	total	prec	recall	F1
0	0	2	2	0	0	0


MACRO-AVERAGE MEASURES:
	P	R	F1
	0.5838	0.2952	0.3921
________________________________________________________________________

