SCORES FOR the file: RF_estimator=10_depth=250.txt
Gold Dataset: /Devel

Partial Evaluation: only detection of DDI (regadless to the type)
tp	fp	fn	total	prec	recall	F1
220	52	264	484	0.8088	0.4545	0.582


Detection and Classification of DDI
tp	fp	fn	total	prec	recall	F1
196	76	288	484	0.7206	0.405	0.5185


________________________________________________________________________

SCORES FOR DDI TYPE
Scores for ddi with type mechanism
tp	fp	fn	total	prec	recall	F1
62	38	139	201	0.62	0.3085	0.412


Scores for ddi with type effect
tp	fp	fn	total	prec	recall	F1
88	26	74	162	0.7719	0.5432	0.6377


Scores for ddi with type advise
tp	fp	fn	total	prec	recall	F1
46	12	73	119	0.7931	0.3866	0.5198


Scores for ddi with type int
tp	fp	fn	total	prec	recall	F1
0	0	2	2	0	0	0


MACRO-AVERAGE MEASURES:
	P	R	F1
	0.5463	0.3096	0.3952
________________________________________________________________________

