SCORES FOR the file: RF_estimator=5_depth=300.txt
Gold Dataset: /Devel

Partial Evaluation: only detection of DDI (regadless to the type)
tp	fp	fn	total	prec	recall	F1
247	81	237	484	0.753	0.5103	0.6084


Detection and Classification of DDI
tp	fp	fn	total	prec	recall	F1
218	110	266	484	0.6646	0.4504	0.5369


________________________________________________________________________

SCORES FOR DDI TYPE
Scores for ddi with type mechanism
tp	fp	fn	total	prec	recall	F1
66	41	135	201	0.6168	0.3284	0.4286


Scores for ddi with type effect
tp	fp	fn	total	prec	recall	F1
94	50	68	162	0.6528	0.5802	0.6144


Scores for ddi with type advise
tp	fp	fn	total	prec	recall	F1
58	18	61	119	0.7632	0.4874	0.5949


Scores for ddi with type int
tp	fp	fn	total	prec	recall	F1
0	1	2	2	0	0	0


MACRO-AVERAGE MEASURES:
	P	R	F1
	0.5082	0.349	0.4138
________________________________________________________________________

