SCORES FOR the file: RF_estimator=50_depth=100.txt
Gold Dataset: /Devel

Partial Evaluation: only detection of DDI (regadless to the type)
tp	fp	fn	total	prec	recall	F1
208	45	276	484	0.8221	0.4298	0.5645


Detection and Classification of DDI
tp	fp	fn	total	prec	recall	F1
192	61	292	484	0.7589	0.3967	0.521


________________________________________________________________________

SCORES FOR DDI TYPE
Scores for ddi with type mechanism
tp	fp	fn	total	prec	recall	F1
64	30	137	201	0.6809	0.3184	0.4339


Scores for ddi with type effect
tp	fp	fn	total	prec	recall	F1
84	25	78	162	0.7706	0.5185	0.6199


Scores for ddi with type advise
tp	fp	fn	total	prec	recall	F1
44	6	75	119	0.88	0.3697	0.5207


Scores for ddi with type int
tp	fp	fn	total	prec	recall	F1
0	0	2	2	0	0	0


MACRO-AVERAGE MEASURES:
	P	R	F1
	0.5829	0.3017	0.3976
________________________________________________________________________

