SCORES FOR the file: RF_estimator=20_depth=100.txt
Gold Dataset: /Devel

Partial Evaluation: only detection of DDI (regadless to the type)
tp	fp	fn	total	prec	recall	F1
222	49	262	484	0.8192	0.4587	0.5881


Detection and Classification of DDI
tp	fp	fn	total	prec	recall	F1
202	69	282	484	0.7454	0.4174	0.5351


________________________________________________________________________

SCORES FOR DDI TYPE
Scores for ddi with type mechanism
tp	fp	fn	total	prec	recall	F1
69	35	132	201	0.6635	0.3433	0.4525


Scores for ddi with type effect
tp	fp	fn	total	prec	recall	F1
86	29	76	162	0.7478	0.5309	0.6209


Scores for ddi with type advise
tp	fp	fn	total	prec	recall	F1
47	5	72	119	0.9038	0.395	0.5497


Scores for ddi with type int
tp	fp	fn	total	prec	recall	F1
0	0	2	2	0	0	0


MACRO-AVERAGE MEASURES:
	P	R	F1
	0.5788	0.3173	0.4099
________________________________________________________________________

