SCORES FOR the file: RF_estimator=10_depth=300.txt
Gold Dataset: /Devel

Partial Evaluation: only detection of DDI (regadless to the type)
tp	fp	fn	total	prec	recall	F1
222	56	262	484	0.7986	0.4587	0.5827


Detection and Classification of DDI
tp	fp	fn	total	prec	recall	F1
198	80	286	484	0.7122	0.4091	0.5197


________________________________________________________________________

SCORES FOR DDI TYPE
Scores for ddi with type mechanism
tp	fp	fn	total	prec	recall	F1
66	36	135	201	0.6471	0.3284	0.4356


Scores for ddi with type effect
tp	fp	fn	total	prec	recall	F1
85	35	77	162	0.7083	0.5247	0.6028


Scores for ddi with type advise
tp	fp	fn	total	prec	recall	F1
47	9	72	119	0.8393	0.395	0.5371


Scores for ddi with type int
tp	fp	fn	total	prec	recall	F1
0	0	2	2	0	0	0


MACRO-AVERAGE MEASURES:
	P	R	F1
	0.5487	0.312	0.3978
________________________________________________________________________

