SCORES FOR the file: RF_estimator=10_depth=100.txt
Gold Dataset: /Devel

Partial Evaluation: only detection of DDI (regadless to the type)
tp	fp	fn	total	prec	recall	F1
224	61	260	484	0.786	0.4628	0.5826


Detection and Classification of DDI
tp	fp	fn	total	prec	recall	F1
200	85	284	484	0.7018	0.4132	0.5202


________________________________________________________________________

SCORES FOR DDI TYPE
Scores for ddi with type mechanism
tp	fp	fn	total	prec	recall	F1
66	48	135	201	0.5789	0.3284	0.419


Scores for ddi with type effect
tp	fp	fn	total	prec	recall	F1
83	27	79	162	0.7545	0.5123	0.6103


Scores for ddi with type advise
tp	fp	fn	total	prec	recall	F1
51	10	68	119	0.8361	0.4286	0.5667


Scores for ddi with type int
tp	fp	fn	total	prec	recall	F1
0	0	2	2	0	0	0


MACRO-AVERAGE MEASURES:
	P	R	F1
	0.5424	0.3173	0.4004
________________________________________________________________________

