SCORES FOR the file: RF_estimator=50_depth=300.txt
Gold Dataset: /Devel

Partial Evaluation: only detection of DDI (regadless to the type)
tp	fp	fn	total	prec	recall	F1
198	31	286	484	0.8646	0.4091	0.5554


Detection and Classification of DDI
tp	fp	fn	total	prec	recall	F1
186	43	298	484	0.8122	0.3843	0.5217


________________________________________________________________________

SCORES FOR DDI TYPE
Scores for ddi with type mechanism
tp	fp	fn	total	prec	recall	F1
63	24	138	201	0.7241	0.3134	0.4375


Scores for ddi with type effect
tp	fp	fn	total	prec	recall	F1
78	14	84	162	0.8478	0.4815	0.6142


Scores for ddi with type advise
tp	fp	fn	total	prec	recall	F1
45	5	74	119	0.9	0.3782	0.5325


Scores for ddi with type int
tp	fp	fn	total	prec	recall	F1
0	0	2	2	0	0	0


MACRO-AVERAGE MEASURES:
	P	R	F1
	0.618	0.2933	0.3978
________________________________________________________________________

