SCORES FOR the file: RF_estimator=5_depth=100.txt
Gold Dataset: /Devel

Partial Evaluation: only detection of DDI (regadless to the type)
tp	fp	fn	total	prec	recall	F1
223	69	261	484	0.7637	0.4607	0.5747


Detection and Classification of DDI
tp	fp	fn	total	prec	recall	F1
196	96	288	484	0.6712	0.405	0.5052


________________________________________________________________________

SCORES FOR DDI TYPE
Scores for ddi with type mechanism
tp	fp	fn	total	prec	recall	F1
64	47	137	201	0.5766	0.3184	0.4103


Scores for ddi with type effect
tp	fp	fn	total	prec	recall	F1
85	38	77	162	0.6911	0.5247	0.5965


Scores for ddi with type advise
tp	fp	fn	total	prec	recall	F1
47	11	72	119	0.8103	0.395	0.5311


Scores for ddi with type int
tp	fp	fn	total	prec	recall	F1
0	0	2	2	0	0	0


MACRO-AVERAGE MEASURES:
	P	R	F1
	0.5195	0.3095	0.3879
________________________________________________________________________

