SCORES FOR the file: RF_estimator=50_depth=50.txt
Gold Dataset: /Devel

Partial Evaluation: only detection of DDI (regadless to the type)
tp	fp	fn	total	prec	recall	F1
263	108	221	484	0.7089	0.5434	0.6152


Detection and Classification of DDI
tp	fp	fn	total	prec	recall	F1
229	142	255	484	0.6173	0.4731	0.5357


________________________________________________________________________

SCORES FOR DDI TYPE
Scores for ddi with type mechanism
tp	fp	fn	total	prec	recall	F1
79	66	122	201	0.5448	0.393	0.4566


Scores for ddi with type effect
tp	fp	fn	total	prec	recall	F1
93	53	69	162	0.637	0.5741	0.6039


Scores for ddi with type advise
tp	fp	fn	total	prec	recall	F1
57	21	62	119	0.7308	0.479	0.5787


Scores for ddi with type int
tp	fp	fn	total	prec	recall	F1
0	2	2	2	0	0	0


MACRO-AVERAGE MEASURES:
	P	R	F1
	0.4781	0.3615	0.4117
________________________________________________________________________

