SCORES FOR the file: RF_estimator=20_depth=250.txt
Gold Dataset: /Devel

Partial Evaluation: only detection of DDI (regadless to the type)
tp	fp	fn	total	prec	recall	F1
214	37	270	484	0.8526	0.4421	0.5823


Detection and Classification of DDI
tp	fp	fn	total	prec	recall	F1
197	54	287	484	0.7849	0.407	0.5361


________________________________________________________________________

SCORES FOR DDI TYPE
Scores for ddi with type mechanism
tp	fp	fn	total	prec	recall	F1
68	22	133	201	0.7556	0.3383	0.4674


Scores for ddi with type effect
tp	fp	fn	total	prec	recall	F1
83	22	79	162	0.7905	0.5123	0.6217


Scores for ddi with type advise
tp	fp	fn	total	prec	recall	F1
46	10	73	119	0.8214	0.3866	0.5257


Scores for ddi with type int
tp	fp	fn	total	prec	recall	F1
0	0	2	2	0	0	0


MACRO-AVERAGE MEASURES:
	P	R	F1
	0.5919	0.3093	0.4063
________________________________________________________________________

