SCORES FOR the file: RF_estimator=50_depth=150.txt
Gold Dataset: /Devel

Partial Evaluation: only detection of DDI (regadless to the type)
tp	fp	fn	total	prec	recall	F1
201	34	283	484	0.8553	0.4153	0.5591


Detection and Classification of DDI
tp	fp	fn	total	prec	recall	F1
183	52	301	484	0.7787	0.3781	0.509


________________________________________________________________________

SCORES FOR DDI TYPE
Scores for ddi with type mechanism
tp	fp	fn	total	prec	recall	F1
58	23	143	201	0.716	0.2886	0.4113


Scores for ddi with type effect
tp	fp	fn	total	prec	recall	F1
80	25	82	162	0.7619	0.4938	0.5993


Scores for ddi with type advise
tp	fp	fn	total	prec	recall	F1
45	4	74	119	0.9184	0.3782	0.5357


Scores for ddi with type int
tp	fp	fn	total	prec	recall	F1
0	0	2	2	0	0	0


MACRO-AVERAGE MEASURES:
	P	R	F1
	0.5991	0.2901	0.3909
________________________________________________________________________

