SCORES FOR the file: SVM_tol=0.001_C=0.5.txt
Gold Dataset: /Devel

Partial Evaluation: only detection of DDI (regadless to the type)
tp	fp	fn	total	prec	recall	F1
322	261	162	484	0.5523	0.6653	0.6036


Detection and Classification of DDI
tp	fp	fn	total	prec	recall	F1
282	301	202	484	0.4837	0.5826	0.5286


________________________________________________________________________

SCORES FOR DDI TYPE
Scores for ddi with type mechanism
tp	fp	fn	total	prec	recall	F1
102	136	99	201	0.4286	0.5075	0.4647


Scores for ddi with type effect
tp	fp	fn	total	prec	recall	F1
113	99	49	162	0.533	0.6975	0.6043


Scores for ddi with type advise
tp	fp	fn	total	prec	recall	F1
67	59	52	119	0.5317	0.563	0.5469


Scores for ddi with type int
tp	fp	fn	total	prec	recall	F1
0	7	2	2	0	0	0


MACRO-AVERAGE MEASURES:
	P	R	F1
	0.3733	0.442	0.4048
________________________________________________________________________

