SCORES FOR the file: SVM_tol=1e-05_C=1.5.txt
Gold Dataset: /Devel

Partial Evaluation: only detection of DDI (regadless to the type)
tp	fp	fn	total	prec	recall	F1
326	261	158	484	0.5554	0.6736	0.6088


Detection and Classification of DDI
tp	fp	fn	total	prec	recall	F1
282	305	202	484	0.4804	0.5826	0.5266


________________________________________________________________________

SCORES FOR DDI TYPE
Scores for ddi with type mechanism
tp	fp	fn	total	prec	recall	F1
107	146	94	201	0.4229	0.5323	0.4714


Scores for ddi with type effect
tp	fp	fn	total	prec	recall	F1
112	94	50	162	0.5437	0.6914	0.6087


Scores for ddi with type advise
tp	fp	fn	total	prec	recall	F1
63	58	56	119	0.5207	0.5294	0.525


Scores for ddi with type int
tp	fp	fn	total	prec	recall	F1
0	7	2	2	0	0	0


MACRO-AVERAGE MEASURES:
	P	R	F1
	0.3718	0.4383	0.4023
________________________________________________________________________

