SCORES FOR the file: SVM_tol=0.0001_C=1.25.txt
Gold Dataset: /Devel

Partial Evaluation: only detection of DDI (regadless to the type)
tp	fp	fn	total	prec	recall	F1
325	262	159	484	0.5537	0.6715	0.6069


Detection and Classification of DDI
tp	fp	fn	total	prec	recall	F1
281	306	203	484	0.4787	0.5806	0.5247


________________________________________________________________________

SCORES FOR DDI TYPE
Scores for ddi with type mechanism
tp	fp	fn	total	prec	recall	F1
106	147	95	201	0.419	0.5274	0.467


Scores for ddi with type effect
tp	fp	fn	total	prec	recall	F1
112	96	50	162	0.5385	0.6914	0.6054


Scores for ddi with type advise
tp	fp	fn	total	prec	recall	F1
63	56	56	119	0.5294	0.5294	0.5294


Scores for ddi with type int
tp	fp	fn	total	prec	recall	F1
0	7	2	2	0	0	0


MACRO-AVERAGE MEASURES:
	P	R	F1
	0.3717	0.437	0.4017
________________________________________________________________________

