SCORES FOR the file: SVM_tol=0.001_C=1.5.txt
Gold Dataset: /Devel

Partial Evaluation: only detection of DDI (regadless to the type)
tp	fp	fn	total	prec	recall	F1
324	255	160	484	0.5596	0.6694	0.6096


Detection and Classification of DDI
tp	fp	fn	total	prec	recall	F1
281	298	203	484	0.4853	0.5806	0.5287


________________________________________________________________________

SCORES FOR DDI TYPE
Scores for ddi with type mechanism
tp	fp	fn	total	prec	recall	F1
106	143	95	201	0.4257	0.5274	0.4711


Scores for ddi with type effect
tp	fp	fn	total	prec	recall	F1
112	90	50	162	0.5545	0.6914	0.6154


Scores for ddi with type advise
tp	fp	fn	total	prec	recall	F1
63	58	56	119	0.5207	0.5294	0.525


Scores for ddi with type int
tp	fp	fn	total	prec	recall	F1
0	7	2	2	0	0	0


MACRO-AVERAGE MEASURES:
	P	R	F1
	0.3752	0.437	0.4038
________________________________________________________________________

