SCORES FOR the file: SVM_tol=0.0001_C=1.txt
Gold Dataset: /Devel

Partial Evaluation: only detection of DDI (regadless to the type)
tp	fp	fn	total	prec	recall	F1
324	262	160	484	0.5529	0.6694	0.6056


Detection and Classification of DDI
tp	fp	fn	total	prec	recall	F1
282	304	202	484	0.4812	0.5826	0.5271


________________________________________________________________________

SCORES FOR DDI TYPE
Scores for ddi with type mechanism
tp	fp	fn	total	prec	recall	F1
106	143	95	201	0.4257	0.5274	0.4711


Scores for ddi with type effect
tp	fp	fn	total	prec	recall	F1
112	96	50	162	0.5385	0.6914	0.6054


Scores for ddi with type advise
tp	fp	fn	total	prec	recall	F1
64	58	55	119	0.5246	0.5378	0.5311


Scores for ddi with type int
tp	fp	fn	total	prec	recall	F1
0	7	2	2	0	0	0


MACRO-AVERAGE MEASURES:
	P	R	F1
	0.3722	0.4391	0.4029
________________________________________________________________________

