SCORES FOR the file: SVM_tol=1e-05_C=1.txt
Gold Dataset: /Devel

Partial Evaluation: only detection of DDI (regadless to the type)
tp	fp	fn	total	prec	recall	F1
325	262	159	484	0.5537	0.6715	0.6069


Detection and Classification of DDI
tp	fp	fn	total	prec	recall	F1
282	305	202	484	0.4804	0.5826	0.5266


________________________________________________________________________

SCORES FOR DDI TYPE
Scores for ddi with type mechanism
tp	fp	fn	total	prec	recall	F1
106	143	95	201	0.4257	0.5274	0.4711


Scores for ddi with type effect
tp	fp	fn	total	prec	recall	F1
112	96	50	162	0.5385	0.6914	0.6054


Scores for ddi with type advise
tp	fp	fn	total	prec	recall	F1
64	59	55	119	0.5203	0.5378	0.5289


Scores for ddi with type int
tp	fp	fn	total	prec	recall	F1
0	7	2	2	0	0	0


MACRO-AVERAGE MEASURES:
	P	R	F1
	0.3711	0.4391	0.4023
________________________________________________________________________

