SCORES FOR the file: Train_RF_estimator=5_depth=300.txt
Gold Dataset: /

Partial Evaluation: only detection of DDI (regadless to the type)
tp	fp	fn	total	prec	recall	F1
688	588	291	979	0.5392	0.7028	0.6102


Detection and Classification of DDI
tp	fp	fn	total	prec	recall	F1
525	751	454	979	0.4114	0.5363	0.4656


________________________________________________________________________

SCORES FOR DDI TYPE
Scores for ddi with type mechanism
tp	fp	fn	total	prec	recall	F1
163	225	139	302	0.4201	0.5397	0.4725


Scores for ddi with type effect
tp	fp	fn	total	prec	recall	F1
193	311	167	360	0.3829	0.5361	0.4468


Scores for ddi with type advise
tp	fp	fn	total	prec	recall	F1
135	194	86	221	0.4103	0.6109	0.4909


Scores for ddi with type int
tp	fp	fn	total	prec	recall	F1
34	21	62	96	0.6182	0.3542	0.4503


MACRO-AVERAGE MEASURES:
	P	R	F1
	0.4579	0.5102	0.4826
________________________________________________________________________

